#
# There is insufficient memory for the Java Runtime Environment to continue.
# Native memory allocation (mmap) failed to map 134217728 bytes for G1 virtual space
# Possible reasons:
#   The system is out of physical RAM or swap space
#   The process is running with CompressedOops enabled, and the Java Heap may be blocking the growth of the native heap
# Possible solutions:
#   Reduce memory load on the system
#   Increase physical memory or swap space
#   Check if swap backing store is full
#   Decrease Java heap size (-Xmx/-Xms)
#   Decrease number of Java threads
#   Decrease Java thread stack sizes (-Xss)
#   Set larger code cache with -XX:ReservedCodeCacheSize=
#   JVM is running with Unscaled Compressed Oops mode in which the Java heap is
#     placed in the first 4GB address space. The Java Heap base address is the
#     maximum limit for the native heap growth. Please use -XX:HeapBaseMinAddress
#     to set the Java Heap base and to place the Java Heap above 4GB virtual address.
# This output file may be truncated or incomplete.
#
#  Out of Memory Error (os_windows.cpp:3548), pid=2800, tid=13288
#
# JRE version:  (17.0.10+11) (build )
# Java VM: Java HotSpot(TM) 64-Bit Server VM (17.0.10+11-LTS-240, mixed mode, sharing, tiered, compressed oops, compressed class ptrs, g1 gc, windows-amd64)
# No core dump will be written. Minidumps are not enabled by default on client versions of Windows
#

---------------  S U M M A R Y ------------

Command Line: -agentlib:jdwp=transport=dt_socket,server=n,suspend=y,address=localhost:54280 -Dcom.sun.management.jmxremote -Dcom.sun.management.jmxremote.port=54277 -Dcom.sun.management.jmxremote.authenticate=false -Dcom.sun.management.jmxremote.ssl=false -Dspring.jmx.enabled=true -Djava.rmi.server.hostname=localhost -Dspring.application.admin.enabled=true -Dspring.boot.project.name=customer-service -XX:+ShowCodeDetailsInExceptionMessages com.manas.customerservice.CustomerServiceApplication

Host: Intel(R) Core(TM) i5-8250U CPU @ 1.60GHz, 8 cores, 7G,  Windows 11 , 64 bit Build 22621 (10.0.22621.3672)
Time: Tue Sep  3 01:12:26 2024 India Standard Time elapsed time: 0.026335 seconds (0d 0h 0m 0s)

---------------  T H R E A D  ---------------

Current thread (0x0000017dc34ae570):  JavaThread "Unknown thread" [_thread_in_vm, id=13288, stack(0x0000000993200000,0x0000000993300000)]

Stack: [0x0000000993200000,0x0000000993300000]
Native frames: (J=compiled Java code, j=interpreted, Vv=VM code, C=native code)
V  [jvm.dll+0x677a5a]
V  [jvm.dll+0x7d8b2d]
V  [jvm.dll+0x7da48e]
V  [jvm.dll+0x7daaf3]
V  [jvm.dll+0x2455ff]
V  [jvm.dll+0x6749b9]
V  [jvm.dll+0x669382]
V  [jvm.dll+0x302e96]
V  [jvm.dll+0x30a416]
V  [jvm.dll+0x359cbe]
V  [jvm.dll+0x359eef]
V  [jvm.dll+0x2d9e88]
V  [jvm.dll+0x2dadf4]
V  [jvm.dll+0x7aa551]
V  [jvm.dll+0x367911]
V  [jvm.dll+0x789639]
V  [jvm.dll+0x3eb30f]
V  [jvm.dll+0x3ecd91]
C  [jli.dll+0x5297]
C  [ucrtbase.dll+0x29333]
C  [KERNEL32.DLL+0x1257d]
C  [ntdll.dll+0x5af28]


---------------  P R O C E S S  ---------------

Threads class SMR info:
_java_thread_list=0x00007fffd69b6a18, length=0, elements={
}

Java Threads: ( => current thread )

Other Threads:
  0x0000017dc5687490 GCTaskThread "GC Thread#0" [stack: 0x0000000993300000,0x0000000993400000] [id=22612]
  0x0000017dc5698080 ConcurrentGCThread "G1 Main Marker" [stack: 0x0000000993400000,0x0000000993500000] [id=21512]
  0x0000017dc5699140 ConcurrentGCThread "G1 Conc#0" [stack: 0x0000000993500000,0x0000000993600000] [id=20512]

[error occurred during error reporting (printing all threads), id 0xc0000005, EXCEPTION_ACCESS_VIOLATION (0xc0000005) at pc=0x00007fffd61eaae7]

VM state: not at safepoint (not fully initialized)

VM Mutex/Monitor currently owned by a thread:  ([mutex/lock_event])
[0x0000017dc561f230] Heap_lock - owner thread: 0x0000017dc34ae570

Heap address: 0x0000000081a00000, size: 2022 MB, Compressed Oops mode: 32-bit

CDS archive(s) mapped at: [0x0000000000000000-0x0000000000000000-0x0000000000000000), size 0, SharedBaseAddress: 0x0000000800000000, ArchiveRelocationMode: 1.
Narrow klass base: 0x0000000000000000, Narrow klass shift: 0, Narrow klass range: 0x0

GC Precious Log:
<Empty>

Heap:
 garbage-first heap   total 0K, used 0K [0x0000000081a00000, 0x0000000100000000)
  region size 1024K, 0 young (0K), 0 survivors (0K)

[error occurred during error reporting (printing heap information), id 0xc0000005, EXCEPTION_ACCESS_VIOLATION (0xc0000005) at pc=0x00007fffd65d1249]

GC Heap History (0 events):
No events

Deoptimization events (0 events):
No events

Classes unloaded (0 events):
No events

Classes redefined (0 events):
No events

Internal exceptions (0 events):
No events

VM Operations (0 events):
No events

Events (1 events):
Event: 0.019 Loaded shared library C:\Program Files\Java\jdk-17\bin\java.dll


Dynamic libraries:
0x00007ff6e9ed0000 - 0x00007ff6e9ee0000 	C:\Program Files\Java\jdk-17\bin\java.exe
0x00007ff8511d0000 - 0x00007ff8513e7000 	C:\WINDOWS\SYSTEM32\ntdll.dll
0x00007ff844590000 - 0x00007ff8445aa000 	C:\Program Files\Avast Software\Avast\aswhook.dll
0x00007ff850a30000 - 0x00007ff850af4000 	C:\WINDOWS\System32\KERNEL32.DLL
0x00007ff84e500000 - 0x00007ff84e8ad000 	C:\WINDOWS\System32\KERNELBASE.dll
0x00007ff84eb90000 - 0x00007ff84eca1000 	C:\WINDOWS\System32\ucrtbase.dll
0x00007ff82c0b0000 - 0x00007ff82c0c9000 	C:\Program Files\Java\jdk-17\bin\jli.dll
0x00007ff82c090000 - 0x00007ff82c0ab000 	C:\Program Files\Java\jdk-17\bin\VCRUNTIME140.dll
0x00007ff84f780000 - 0x00007ff84f832000 	C:\WINDOWS\System32\ADVAPI32.dll
0x00007ff850d80000 - 0x00007ff850e27000 	C:\WINDOWS\System32\msvcrt.dll
0x00007ff850270000 - 0x00007ff850319000 	C:\WINDOWS\System32\sechost.dll
0x00007ff84eb60000 - 0x00007ff84eb88000 	C:\WINDOWS\System32\bcrypt.dll
0x00007ff850b00000 - 0x00007ff850c14000 	C:\WINDOWS\System32\RPCRT4.dll
0x00007ff8500c0000 - 0x00007ff85026e000 	C:\WINDOWS\System32\USER32.dll
0x00007ff835a30000 - 0x00007ff835cc3000 	C:\WINDOWS\WinSxS\amd64_microsoft.windows.common-controls_6595b64144ccf1df_6.0.22621.3672_none_2713b9d173822955\COMCTL32.dll
0x00007ff84eb30000 - 0x00007ff84eb56000 	C:\WINDOWS\System32\win32u.dll
0x00007ff850390000 - 0x00007ff8503b9000 	C:\WINDOWS\System32\GDI32.dll
0x00007ff84ecb0000 - 0x00007ff84edc9000 	C:\WINDOWS\System32\gdi32full.dll
0x00007ff84ea20000 - 0x00007ff84eaba000 	C:\WINDOWS\System32\msvcp_win.dll
0x00007ff842c70000 - 0x00007ff842c7a000 	C:\WINDOWS\SYSTEM32\VERSION.dll
0x00007ff8506a0000 - 0x00007ff8506d1000 	C:\WINDOWS\System32\IMM32.DLL
0x00007ff836640000 - 0x00007ff83664c000 	C:\Program Files\Java\jdk-17\bin\vcruntime140_1.dll
0x00007ff80ef70000 - 0x00007ff80effe000 	C:\Program Files\Java\jdk-17\bin\msvcp140.dll
0x00007fffd5f00000 - 0x00007fffd6adf000 	C:\Program Files\Java\jdk-17\bin\server\jvm.dll
0x00007ff8510a0000 - 0x00007ff8510a8000 	C:\WINDOWS\System32\PSAPI.DLL
0x00007ff844330000 - 0x00007ff844364000 	C:\WINDOWS\SYSTEM32\WINMM.dll
0x00007ff830230000 - 0x00007ff830239000 	C:\WINDOWS\SYSTEM32\WSOCK32.dll
0x00007ff8508b0000 - 0x00007ff850921000 	C:\WINDOWS\System32\WS2_32.dll
0x00007ff84d5e0000 - 0x00007ff84d5f8000 	C:\WINDOWS\SYSTEM32\kernel.appcore.dll
0x00007ff8365b0000 - 0x00007ff8365ba000 	C:\Program Files\Java\jdk-17\bin\jimage.dll
0x00007ff84bdb0000 - 0x00007ff84bfe2000 	C:\WINDOWS\SYSTEM32\DBGHELP.DLL
0x00007ff84ef10000 - 0x00007ff84f298000 	C:\WINDOWS\System32\combase.dll
0x00007ff8510b0000 - 0x00007ff851187000 	C:\WINDOWS\System32\OLEAUT32.dll
0x00007ff83a1a0000 - 0x00007ff83a1d2000 	C:\WINDOWS\SYSTEM32\dbgcore.DLL
0x00007ff84edd0000 - 0x00007ff84ee4b000 	C:\WINDOWS\System32\bcryptPrimitives.dll
0x00007ff8296d0000 - 0x00007ff82970b000 	C:\Program Files\Java\jdk-17\bin\jdwp.dll
0x00007ff8243e0000 - 0x00007ff824405000 	C:\Program Files\Java\jdk-17\bin\java.dll

dbghelp: loaded successfully - version: 4.0.5 - missing functions: none
symbol engine: initialized successfully - sym options: 0x614 - pdb path: .;C:\Program Files\Java\jdk-17\bin;C:\WINDOWS\SYSTEM32;C:\Program Files\Avast Software\Avast;C:\WINDOWS\WinSxS\amd64_microsoft.windows.common-controls_6595b64144ccf1df_6.0.22621.3672_none_2713b9d173822955;C:\Program Files\Java\jdk-17\bin\server

VM Arguments:
jvm_args: -agentlib:jdwp=transport=dt_socket,server=n,suspend=y,address=localhost:54280 -Dcom.sun.management.jmxremote -Dcom.sun.management.jmxremote.port=54277 -Dcom.sun.management.jmxremote.authenticate=false -Dcom.sun.management.jmxremote.ssl=false -Dspring.jmx.enabled=true -Djava.rmi.server.hostname=localhost -Dspring.application.admin.enabled=true -Dspring.boot.project.name=customer-service -XX:+ShowCodeDetailsInExceptionMessages 
java_command: com.manas.customerservice.CustomerServiceApplication
java_class_path (initial): C:\Users\hp\Documents\Java Snippets\Ecommerce\services\customer-service\target\classes;C:\Users\hp\.m2\repository\org\springframework\boot\spring-boot-starter-data-mongodb\3.3.3\spring-boot-starter-data-mongodb-3.3.3.jar;C:\Users\hp\.m2\repository\org\springframework\boot\spring-boot-starter\3.3.3\spring-boot-starter-3.3.3.jar;C:\Users\hp\.m2\repository\org\springframework\boot\spring-boot\3.3.3\spring-boot-3.3.3.jar;C:\Users\hp\.m2\repository\org\springframework\boot\spring-boot-autoconfigure\3.3.3\spring-boot-autoconfigure-3.3.3.jar;C:\Users\hp\.m2\repository\org\springframework\boot\spring-boot-starter-logging\3.3.3\spring-boot-starter-logging-3.3.3.jar;C:\Users\hp\.m2\repository\ch\qos\logback\logback-classic\1.5.7\logback-classic-1.5.7.jar;C:\Users\hp\.m2\repository\ch\qos\logback\logback-core\1.5.7\logback-core-1.5.7.jar;C:\Users\hp\.m2\repository\org\apache\logging\log4j\log4j-to-slf4j\2.23.1\log4j-to-slf4j-2.23.1.jar;C:\Users\hp\.m2\repository\org\apache\logging\log4j\log4j-api\2.23.1\log4j-api-2.23.1.jar;C:\Users\hp\.m2\repository\org\slf4j\jul-to-slf4j\2.0.16\jul-to-slf4j-2.0.16.jar;C:\Users\hp\.m2\repository\jakarta\annotation\jakarta.annotation-api\2.1.1\jakarta.annotation-api-2.1.1.jar;C:\Users\hp\.m2\repository\org\yaml\snakeyaml\2.2\snakeyaml-2.2.jar;C:\Users\hp\.m2\repository\org\mongodb\mongodb-driver-sync\5.0.1\mongodb-driver-sync-5.0.1.jar;C:\Users\hp\.m2\repository\org\mongodb\bson\5.0.1\bson-5.0.1.jar;C:\Users\hp\.m2\repository\org\mongodb\mongodb-driver-core\5.0.1\mongodb-driver-core-5.0.1.jar;C:\Users\hp\.m2\repository\org\mongodb\bson-record-codec\5.0.1\bson-record-codec-5.0.1.jar;C:\Users\hp\.m2\repository\org\springframework\data\spring-data-mongodb\4.3.3\spring-data-mongodb-4.3.3.jar;C:\Users\hp\.m2\repository\org\springframework\spring-tx\6.1.12\spring-tx-6.1.12.jar;C:\Users\hp\.m2\repository\org\springframework\spring-context\6.1.12\spring-context-6.1.12.jar;C:\Users\hp\.m2\repository\org\springframework\spri
Launcher Type: SUN_STANDARD

[Global flags]
     intx CICompilerCount                          = 4                                         {product} {ergonomic}
     uint ConcGCThreads                            = 2                                         {product} {ergonomic}
     uint G1ConcRefinementThreads                  = 8                                         {product} {ergonomic}
   size_t G1HeapRegionSize                         = 1048576                                   {product} {ergonomic}
    uintx GCDrainStackTargetSize                   = 64                                        {product} {ergonomic}
   size_t InitialHeapSize                          = 134217728                                 {product} {ergonomic}
     bool ManagementServer                         = true                                      {product} {command line}
   size_t MarkStackSize                            = 4194304                                   {product} {ergonomic}
   size_t MaxHeapSize                              = 2120220672                                {product} {ergonomic}
   size_t MinHeapDeltaBytes                        = 1048576                                   {product} {ergonomic}
   size_t MinHeapSize                              = 8388608                                   {product} {ergonomic}
    uintx NonNMethodCodeHeapSize                   = 5839372                                {pd product} {ergonomic}
    uintx NonProfiledCodeHeapSize                  = 122909434                              {pd product} {ergonomic}
    uintx ProfiledCodeHeapSize                     = 122909434                              {pd product} {ergonomic}
    uintx ReservedCodeCacheSize                    = 251658240                              {pd product} {ergonomic}
     bool SegmentedCodeCache                       = true                                      {product} {ergonomic}
     bool ShowCodeDetailsInExceptionMessages       = true                                   {manageable} {command line}
   size_t SoftMaxHeapSize                          = 2120220672                             {manageable} {ergonomic}
     bool UseCompressedClassPointers               = true                           {product lp64_product} {ergonomic}
     bool UseCompressedOops                        = true                           {product lp64_product} {ergonomic}
     bool UseG1GC                                  = true                                      {product} {ergonomic}
     bool UseLargePagesIndividualAllocation        = false                                  {pd product} {ergonomic}

Logging:
Log output configuration:
 #0: stdout all=warning uptime,level,tags
 #1: stderr all=off uptime,level,tags

Environment Variables:
JAVA_HOME=C:\Program Files\Java\jdk-17
PATH=C:\Program Files\Common Files\Oracle\Java\javapath;C:\Program Files (x86)\Common Files\Oracle\Java\javapath;C:\WINDOWS\system32;C:\WINDOWS;C:\WINDOWS\System32\Wbem;C:\WINDOWS\System32\WindowsPowerShell\v1.0\;C:\WINDOWS\System32\OpenSSH\;C:\Program Files\nodejs\;C:\Program Files\Java\jdk-18.0.2\bin;C:\Program Files\dotnet\;C:\Program Files\MySQL\MySQL Server 8.0\bin;C:\Program Files\Git\cmd;C:\Program Files\Docker\Docker\resources\bin;C:\Program Files\apache-maven-3.9.9\bin;C:\Users\hp\.console-ninja\.bin;C:\Program Files\Java\jdk-17\bin;C:\Users\hp\AppData\Local\Microsoft\WindowsApps;C:\Users\hp\AppData\Local\Programs\Microsoft VS Code\bin;C:\Users\hp\AppData\Roaming\npm;C:\Program Files\JetBrains\IntelliJ IDEA 2023.3.4\bin;;C:\mongosh\
USERNAME=hp
LANG=en_US.UTF-8
OS=Windows_NT
PROCESSOR_IDENTIFIER=Intel64 Family 6 Model 142 Stepping 10, GenuineIntel



---------------  S Y S T E M  ---------------

OS:
 Windows 11 , 64 bit Build 22621 (10.0.22621.3672)
OS uptime: 1 days 22:45 hours
Hyper-V role detected

CPU: total 8 (initial active 8) (4 cores per cpu, 2 threads per core) family 6 model 142 stepping 10 microcode 0xf0, cx8, cmov, fxsr, ht, mmx, 3dnowpref, sse, sse2, sse3, ssse3, sse4.1, sse4.2, popcnt, lzcnt, tsc, tscinvbit, avx, avx2, aes, erms, clmul, bmi1, bmi2, adx, fma, vzeroupper, clflush, clflushopt, hv

Memory: 4k page, system-wide physical 8083M (279M free)
TotalPageFile size 32659M (AvailPageFile size 39M)
current process WorkingSet (physical memory assigned to process): 11M, peak: 11M
current process commit charge ("private bytes"): 60M, peak: 188M

vm_info: Java HotSpot(TM) 64-Bit Server VM (17.0.10+11-LTS-240) for windows-amd64 JRE (17.0.10+11-LTS-240), built on Dec 19 2023 21:47:25 by "mach5one" with MS VC++ 17.1 (VS2022)

END.
