#
# There is insufficient memory for the Java Runtime Environment to continue.
# Native memory allocation (malloc) failed to allocate 822816 bytes for Chunk::new
# Possible reasons:
#   The system is out of physical RAM or swap space
#   The process is running with CompressedOops enabled, and the Java Heap may be blocking the growth of the native heap
# Possible solutions:
#   Reduce memory load on the system
#   Increase physical memory or swap space
#   Check if swap backing store is full
#   Decrease Java heap size (-Xmx/-Xms)
#   Decrease number of Java threads
#   Decrease Java thread stack sizes (-Xss)
#   Set larger code cache with -XX:ReservedCodeCacheSize=
#   JVM is running with Unscaled Compressed Oops mode in which the Java heap is
#     placed in the first 4GB address space. The Java Heap base address is the
#     maximum limit for the native heap growth. Please use -XX:HeapBaseMinAddress
#     to set the Java Heap base and to place the Java Heap above 4GB virtual address.
# This output file may be truncated or incomplete.
#
#  Out of Memory Error (arena.cpp:189), pid=30852, tid=19088
#
# JRE version: Java(TM) SE Runtime Environment (17.0.10+11) (build 17.0.10+11-LTS-240)
# Java VM: Java HotSpot(TM) 64-Bit Server VM (17.0.10+11-LTS-240, mixed mode, sharing, tiered, compressed oops, compressed class ptrs, g1 gc, windows-amd64)
# No core dump will be written. Minidumps are not enabled by default on client versions of Windows
#

---------------  S U M M A R Y ------------

Command Line: -agentlib:jdwp=transport=dt_socket,server=n,suspend=y,address=localhost:54377 -Dcom.sun.management.jmxremote -Dcom.sun.management.jmxremote.port=54277 -Dcom.sun.management.jmxremote.authenticate=false -Dcom.sun.management.jmxremote.ssl=false -Dspring.jmx.enabled=true -Djava.rmi.server.hostname=localhost -Dspring.application.admin.enabled=true -Dspring.boot.project.name=customer-service -XX:+ShowCodeDetailsInExceptionMessages com.manas.customerservice.CustomerServiceApplication

Host: Intel(R) Core(TM) i5-8250U CPU @ 1.60GHz, 8 cores, 7G,  Windows 11 , 64 bit Build 22621 (10.0.22621.3672)
Time: Tue Sep  3 01:13:54 2024 India Standard Time elapsed time: 2.739636 seconds (0d 0h 0m 2s)

---------------  T H R E A D  ---------------

Current thread (0x000002687d0a2dc0):  JavaThread "C2 CompilerThread0" daemon [_thread_in_native, id=19088, stack(0x0000006ca0b00000,0x0000006ca0c00000)]


Current CompileTask:
C2:   2739 1715       4       org.springframework.boot.context.properties.source.ConfigurationPropertyName$ElementsParser::parse (234 bytes)

Stack: [0x0000006ca0b00000,0x0000006ca0c00000]
Native frames: (J=compiled Java code, j=interpreted, Vv=VM code, C=native code)
V  [jvm.dll+0x677a5a]
V  [jvm.dll+0x7d8b2d]
V  [jvm.dll+0x7da48e]
V  [jvm.dll+0x7daaf3]
V  [jvm.dll+0x2455ff]
V  [jvm.dll+0xaaafb]
V  [jvm.dll+0xab09c]
V  [jvm.dll+0x2aafef]
V  [jvm.dll+0x57fd55]
V  [jvm.dll+0x220472]
V  [jvm.dll+0x219335]
V  [jvm.dll+0x216c79]
V  [jvm.dll+0x1a3410]
V  [jvm.dll+0x226aeb]
V  [jvm.dll+0x224cab]
V  [jvm.dll+0x78e45c]
V  [jvm.dll+0x78888a]
V  [jvm.dll+0x676935]
C  [ucrtbase.dll+0x29333]
C  [KERNEL32.DLL+0x1257d]
C  [ntdll.dll+0x5af28]


---------------  P R O C E S S  ---------------

Threads class SMR info:
_java_thread_list=0x000002687dcc72e0, length=18, elements={
0x000002686df70120, 0x000002687d07a920, 0x000002687d07b4e0, 0x000002687d0932a0,
0x000002687d093e60, 0x000002687d0981e0, 0x000002687d09d460, 0x000002687d0a2dc0,
0x000002687d0a7790, 0x000002687d0b4c40, 0x000002687d0b4730, 0x000002687d3eb780,
0x000002687d424fe0, 0x000002687d4254d0, 0x000002687d0b3d10, 0x000002687d0b5b70,
0x000002687d0b4220, 0x000002687d0b5660
}

Java Threads: ( => current thread )
  0x000002686df70120 JavaThread "main" [_thread_in_native, id=24176, stack(0x0000006c9fe00000,0x0000006c9ff00000)]
  0x000002687d07a920 JavaThread "Reference Handler" daemon [_thread_blocked, id=20036, stack(0x0000006ca0500000,0x0000006ca0600000)]
  0x000002687d07b4e0 JavaThread "Finalizer" daemon [_thread_blocked, id=26772, stack(0x0000006ca0600000,0x0000006ca0700000)]
  0x000002687d0932a0 JavaThread "Signal Dispatcher" daemon [_thread_blocked, id=2424, stack(0x0000006ca0700000,0x0000006ca0800000)]
  0x000002687d093e60 JavaThread "Attach Listener" daemon [_thread_blocked, id=10152, stack(0x0000006ca0800000,0x0000006ca0900000)]
  0x000002687d0981e0 JavaThread "Service Thread" daemon [_thread_blocked, id=30300, stack(0x0000006ca0900000,0x0000006ca0a00000)]
  0x000002687d09d460 JavaThread "Monitor Deflation Thread" daemon [_thread_blocked, id=7832, stack(0x0000006ca0a00000,0x0000006ca0b00000)]
=>0x000002687d0a2dc0 JavaThread "C2 CompilerThread0" daemon [_thread_in_native, id=19088, stack(0x0000006ca0b00000,0x0000006ca0c00000)]
  0x000002687d0a7790 JavaThread "C1 CompilerThread0" daemon [_thread_blocked, id=25808, stack(0x0000006ca0c00000,0x0000006ca0d00000)]
  0x000002687d0b4c40 JavaThread "Sweeper thread" daemon [_thread_blocked, id=30604, stack(0x0000006ca0d00000,0x0000006ca0e00000)]
  0x000002687d0b4730 JavaThread "Common-Cleaner" daemon [_thread_blocked, id=17156, stack(0x0000006ca0e00000,0x0000006ca0f00000)]
  0x000002687d3eb780 JavaThread "JDWP Transport Listener: dt_socket" daemon [_thread_blocked, id=25632, stack(0x0000006ca0f00000,0x0000006ca1000000)]
  0x000002687d424fe0 JavaThread "JDWP Event Helper Thread" daemon [_thread_blocked, id=18628, stack(0x0000006ca1000000,0x0000006ca1100000)]
  0x000002687d4254d0 JavaThread "JDWP Command Reader" daemon [_thread_in_native, id=3924, stack(0x0000006ca1100000,0x0000006ca1200000)]
  0x000002687d0b3d10 JavaThread "Notification Thread" daemon [_thread_blocked, id=19072, stack(0x0000006ca1200000,0x0000006ca1300000)]
  0x000002687d0b5b70 JavaThread "RMI TCP Accept-0" daemon [_thread_in_native, id=24172, stack(0x0000006ca1300000,0x0000006ca1400000)]
  0x000002687d0b4220 JavaThread "RMI TCP Accept-54277" daemon [_thread_in_native, id=2184, stack(0x0000006ca1400000,0x0000006ca1500000)]
  0x000002687d0b5660 JavaThread "RMI TCP Accept-0" daemon [_thread_in_native, id=15228, stack(0x0000006ca1500000,0x0000006ca1600000)]

Other Threads:
  0x000002687d0766e0 VMThread "VM Thread" [stack: 0x0000006ca0400000,0x0000006ca0500000] [id=20740]
  0x000002687dccd030 WatcherThread [stack: 0x0000006ca1600000,0x0000006ca1700000] [id=24016]
  0x000002686dfd6020 GCTaskThread "GC Thread#0" [stack: 0x0000006c9ff00000,0x0000006ca0000000] [id=20772]
  0x000002687e379d40 GCTaskThread "GC Thread#1" [stack: 0x0000006ca1700000,0x0000006ca1800000] [id=25880]
  0x000002687df826a0 GCTaskThread "GC Thread#2" [stack: 0x0000006ca1800000,0x0000006ca1900000] [id=20928]
  0x000002687df79340 GCTaskThread "GC Thread#3" [stack: 0x0000006ca1900000,0x0000006ca1a00000] [id=24776]
  0x000002687dd0e9b0 GCTaskThread "GC Thread#4" [stack: 0x0000006ca1a00000,0x0000006ca1b00000] [id=24132]
  0x000002687dd0ec70 GCTaskThread "GC Thread#5" [stack: 0x0000006ca1b00000,0x0000006ca1c00000] [id=25180]
  0x000002687e386d60 GCTaskThread "GC Thread#6" [stack: 0x0000006ca1c00000,0x0000006ca1d00000] [id=13884]
  0x000002687e387020 GCTaskThread "GC Thread#7" [stack: 0x0000006ca1d00000,0x0000006ca1e00000] [id=14712]
  0x000002686dfe6c30 ConcurrentGCThread "G1 Main Marker" [stack: 0x0000006ca0000000,0x0000006ca0100000] [id=13136]
  0x000002686dfe7de0 ConcurrentGCThread "G1 Conc#0" [stack: 0x0000006ca0100000,0x0000006ca0200000] [id=22552]
  0x000002686e01d6f0 ConcurrentGCThread "G1 Refine#0" [stack: 0x0000006ca0200000,0x0000006ca0300000] [id=16036]
  0x000002687e412fe0 ConcurrentGCThread "G1 Refine#1" [stack: 0x0000006ca1e00000,0x0000006ca1f00000] [id=29560]
  0x000002686e01dfc0 ConcurrentGCThread "G1 Service" [stack: 0x0000006ca0300000,0x0000006ca0400000] [id=2088]

Threads with active compile tasks:
C2 CompilerThread0     2812 1715       4       org.springframework.boot.context.properties.source.ConfigurationPropertyName$ElementsParser::parse (234 bytes)

VM state: not at safepoint (normal execution)

VM Mutex/Monitor currently owned by a thread: None

Heap address: 0x0000000081a00000, size: 2022 MB, Compressed Oops mode: 32-bit

CDS archive(s) mapped at: [0x000002680f000000-0x000002680fbd0000-0x000002680fbd0000), size 12386304, SharedBaseAddress: 0x000002680f000000, ArchiveRelocationMode: 1.
Compressed class space mapped at: 0x0000026810000000-0x0000026850000000, reserved size: 1073741824
Narrow klass base: 0x000002680f000000, Narrow klass shift: 0, Narrow klass range: 0x100000000

GC Precious Log:
 CPUs: 8 total, 8 available
 Memory: 8083M
 Large Page Support: Disabled
 NUMA Support: Disabled
 Compressed Oops: Enabled (32-bit)
 Heap Region Size: 1M
 Heap Min Capacity: 8M
 Heap Initial Capacity: 128M
 Heap Max Capacity: 2022M
 Pre-touch: Disabled
 Parallel Workers: 8
 Concurrent Workers: 2
 Concurrent Refinement Workers: 8
 Periodic GC: Disabled

Heap:
 garbage-first heap   total 131072K, used 26948K [0x0000000081a00000, 0x0000000100000000)
  region size 1024K, 22 young (22528K), 3 survivors (3072K)
 Metaspace       used 12034K, committed 12352K, reserved 1114112K
  class space    used 1429K, committed 1600K, reserved 1048576K

Heap Regions: E=young(eden), S=young(survivor), O=old, HS=humongous(starts), HC=humongous(continues), CS=collection set, F=free, OA=open archive, CA=closed archive, TAMS=top-at-mark-start (previous, next)
|   0|0x0000000081a00000, 0x0000000081b00000, 0x0000000081b00000|100%|HS|  |TAMS 0x0000000081a00000, 0x0000000081a00000| Complete 
|   1|0x0000000081b00000, 0x0000000081b00000, 0x0000000081c00000|  0%| F|  |TAMS 0x0000000081b00000, 0x0000000081b00000| Untracked 
|   2|0x0000000081c00000, 0x0000000081d00000, 0x0000000081d00000|100%| O|  |TAMS 0x0000000081c00000, 0x0000000081c00000| Untracked 
|   3|0x0000000081d00000, 0x0000000081e00000, 0x0000000081e00000|100%| O|  |TAMS 0x0000000081d00000, 0x0000000081d00000| Untracked 
|   4|0x0000000081e00000, 0x0000000081f00000, 0x0000000081f00000|100%| O|  |TAMS 0x0000000081e00000, 0x0000000081e00000| Untracked 
|   5|0x0000000081f00000, 0x0000000082000000, 0x0000000082000000|100%| O|  |TAMS 0x0000000081f00000, 0x0000000081f00000| Untracked 
|   6|0x0000000082000000, 0x0000000082051200, 0x0000000082100000| 31%| O|  |TAMS 0x0000000082000000, 0x0000000082000000| Untracked 
|   7|0x0000000082100000, 0x0000000082100000, 0x0000000082200000|  0%| F|  |TAMS 0x0000000082100000, 0x0000000082100000| Untracked 
|   8|0x0000000082200000, 0x0000000082200000, 0x0000000082300000|  0%| F|  |TAMS 0x0000000082200000, 0x0000000082200000| Untracked 
|   9|0x0000000082300000, 0x0000000082300000, 0x0000000082400000|  0%| F|  |TAMS 0x0000000082300000, 0x0000000082300000| Untracked 
|  10|0x0000000082400000, 0x0000000082400000, 0x0000000082500000|  0%| F|  |TAMS 0x0000000082400000, 0x0000000082400000| Untracked 
|  11|0x0000000082500000, 0x0000000082500000, 0x0000000082600000|  0%| F|  |TAMS 0x0000000082500000, 0x0000000082500000| Untracked 
|  12|0x0000000082600000, 0x0000000082600000, 0x0000000082700000|  0%| F|  |TAMS 0x0000000082600000, 0x0000000082600000| Untracked 
|  13|0x0000000082700000, 0x0000000082700000, 0x0000000082800000|  0%| F|  |TAMS 0x0000000082700000, 0x0000000082700000| Untracked 
|  14|0x0000000082800000, 0x0000000082800000, 0x0000000082900000|  0%| F|  |TAMS 0x0000000082800000, 0x0000000082800000| Untracked 
|  15|0x0000000082900000, 0x0000000082900000, 0x0000000082a00000|  0%| F|  |TAMS 0x0000000082900000, 0x0000000082900000| Untracked 
|  16|0x0000000082a00000, 0x0000000082a00000, 0x0000000082b00000|  0%| F|  |TAMS 0x0000000082a00000, 0x0000000082a00000| Untracked 
|  17|0x0000000082b00000, 0x0000000082b00000, 0x0000000082c00000|  0%| F|  |TAMS 0x0000000082b00000, 0x0000000082b00000| Untracked 
|  18|0x0000000082c00000, 0x0000000082c00000, 0x0000000082d00000|  0%| F|  |TAMS 0x0000000082c00000, 0x0000000082c00000| Untracked 
|  19|0x0000000082d00000, 0x0000000082d00000, 0x0000000082e00000|  0%| F|  |TAMS 0x0000000082d00000, 0x0000000082d00000| Untracked 
|  20|0x0000000082e00000, 0x0000000082e00000, 0x0000000082f00000|  0%| F|  |TAMS 0x0000000082e00000, 0x0000000082e00000| Untracked 
|  21|0x0000000082f00000, 0x0000000082f00000, 0x0000000083000000|  0%| F|  |TAMS 0x0000000082f00000, 0x0000000082f00000| Untracked 
|  22|0x0000000083000000, 0x0000000083000000, 0x0000000083100000|  0%| F|  |TAMS 0x0000000083000000, 0x0000000083000000| Untracked 
|  23|0x0000000083100000, 0x0000000083100000, 0x0000000083200000|  0%| F|  |TAMS 0x0000000083100000, 0x0000000083100000| Untracked 
|  24|0x0000000083200000, 0x0000000083200000, 0x0000000083300000|  0%| F|  |TAMS 0x0000000083200000, 0x0000000083200000| Untracked 
|  25|0x0000000083300000, 0x0000000083300000, 0x0000000083400000|  0%| F|  |TAMS 0x0000000083300000, 0x0000000083300000| Untracked 
|  26|0x0000000083400000, 0x0000000083400000, 0x0000000083500000|  0%| F|  |TAMS 0x0000000083400000, 0x0000000083400000| Untracked 
|  27|0x0000000083500000, 0x0000000083500000, 0x0000000083600000|  0%| F|  |TAMS 0x0000000083500000, 0x0000000083500000| Untracked 
|  28|0x0000000083600000, 0x0000000083600000, 0x0000000083700000|  0%| F|  |TAMS 0x0000000083600000, 0x0000000083600000| Untracked 
|  29|0x0000000083700000, 0x0000000083700000, 0x0000000083800000|  0%| F|  |TAMS 0x0000000083700000, 0x0000000083700000| Untracked 
|  30|0x0000000083800000, 0x0000000083800000, 0x0000000083900000|  0%| F|  |TAMS 0x0000000083800000, 0x0000000083800000| Untracked 
|  31|0x0000000083900000, 0x0000000083900000, 0x0000000083a00000|  0%| F|  |TAMS 0x0000000083900000, 0x0000000083900000| Untracked 
|  32|0x0000000083a00000, 0x0000000083a00000, 0x0000000083b00000|  0%| F|  |TAMS 0x0000000083a00000, 0x0000000083a00000| Untracked 
|  33|0x0000000083b00000, 0x0000000083b00000, 0x0000000083c00000|  0%| F|  |TAMS 0x0000000083b00000, 0x0000000083b00000| Untracked 
|  34|0x0000000083c00000, 0x0000000083c00000, 0x0000000083d00000|  0%| F|  |TAMS 0x0000000083c00000, 0x0000000083c00000| Untracked 
|  35|0x0000000083d00000, 0x0000000083d00000, 0x0000000083e00000|  0%| F|  |TAMS 0x0000000083d00000, 0x0000000083d00000| Untracked 
|  36|0x0000000083e00000, 0x0000000083e00000, 0x0000000083f00000|  0%| F|  |TAMS 0x0000000083e00000, 0x0000000083e00000| Untracked 
|  37|0x0000000083f00000, 0x0000000083f00000, 0x0000000084000000|  0%| F|  |TAMS 0x0000000083f00000, 0x0000000083f00000| Untracked 
|  38|0x0000000084000000, 0x0000000084000000, 0x0000000084100000|  0%| F|  |TAMS 0x0000000084000000, 0x0000000084000000| Untracked 
|  39|0x0000000084100000, 0x0000000084100000, 0x0000000084200000|  0%| F|  |TAMS 0x0000000084100000, 0x0000000084100000| Untracked 
|  40|0x0000000084200000, 0x0000000084200000, 0x0000000084300000|  0%| F|  |TAMS 0x0000000084200000, 0x0000000084200000| Untracked 
|  41|0x0000000084300000, 0x0000000084300000, 0x0000000084400000|  0%| F|  |TAMS 0x0000000084300000, 0x0000000084300000| Untracked 
|  42|0x0000000084400000, 0x0000000084400000, 0x0000000084500000|  0%| F|  |TAMS 0x0000000084400000, 0x0000000084400000| Untracked 
|  43|0x0000000084500000, 0x0000000084500000, 0x0000000084600000|  0%| F|  |TAMS 0x0000000084500000, 0x0000000084500000| Untracked 
|  44|0x0000000084600000, 0x0000000084600000, 0x0000000084700000|  0%| F|  |TAMS 0x0000000084600000, 0x0000000084600000| Untracked 
|  45|0x0000000084700000, 0x0000000084700000, 0x0000000084800000|  0%| F|  |TAMS 0x0000000084700000, 0x0000000084700000| Untracked 
|  46|0x0000000084800000, 0x0000000084800000, 0x0000000084900000|  0%| F|  |TAMS 0x0000000084800000, 0x0000000084800000| Untracked 
|  47|0x0000000084900000, 0x0000000084900000, 0x0000000084a00000|  0%| F|  |TAMS 0x0000000084900000, 0x0000000084900000| Untracked 
|  48|0x0000000084a00000, 0x0000000084a00000, 0x0000000084b00000|  0%| F|  |TAMS 0x0000000084a00000, 0x0000000084a00000| Untracked 
|  49|0x0000000084b00000, 0x0000000084b00000, 0x0000000084c00000|  0%| F|  |TAMS 0x0000000084b00000, 0x0000000084b00000| Untracked 
|  50|0x0000000084c00000, 0x0000000084c00000, 0x0000000084d00000|  0%| F|  |TAMS 0x0000000084c00000, 0x0000000084c00000| Untracked 
|  51|0x0000000084d00000, 0x0000000084d00000, 0x0000000084e00000|  0%| F|  |TAMS 0x0000000084d00000, 0x0000000084d00000| Untracked 
|  52|0x0000000084e00000, 0x0000000084e00000, 0x0000000084f00000|  0%| F|  |TAMS 0x0000000084e00000, 0x0000000084e00000| Untracked 
|  53|0x0000000084f00000, 0x0000000084f00000, 0x0000000085000000|  0%| F|  |TAMS 0x0000000084f00000, 0x0000000084f00000| Untracked 
|  54|0x0000000085000000, 0x0000000085000000, 0x0000000085100000|  0%| F|  |TAMS 0x0000000085000000, 0x0000000085000000| Untracked 
|  55|0x0000000085100000, 0x0000000085100000, 0x0000000085200000|  0%| F|  |TAMS 0x0000000085100000, 0x0000000085100000| Untracked 
|  56|0x0000000085200000, 0x0000000085200000, 0x0000000085300000|  0%| F|  |TAMS 0x0000000085200000, 0x0000000085200000| Untracked 
|  57|0x0000000085300000, 0x0000000085300000, 0x0000000085400000|  0%| F|  |TAMS 0x0000000085300000, 0x0000000085300000| Untracked 
|  58|0x0000000085400000, 0x0000000085400000, 0x0000000085500000|  0%| F|  |TAMS 0x0000000085400000, 0x0000000085400000| Untracked 
|  59|0x0000000085500000, 0x0000000085500000, 0x0000000085600000|  0%| F|  |TAMS 0x0000000085500000, 0x0000000085500000| Untracked 
|  60|0x0000000085600000, 0x0000000085600000, 0x0000000085700000|  0%| F|  |TAMS 0x0000000085600000, 0x0000000085600000| Untracked 
|  61|0x0000000085700000, 0x0000000085700000, 0x0000000085800000|  0%| F|  |TAMS 0x0000000085700000, 0x0000000085700000| Untracked 
|  62|0x0000000085800000, 0x0000000085800000, 0x0000000085900000|  0%| F|  |TAMS 0x0000000085800000, 0x0000000085800000| Untracked 
|  63|0x0000000085900000, 0x0000000085900000, 0x0000000085a00000|  0%| F|  |TAMS 0x0000000085900000, 0x0000000085900000| Untracked 
|  64|0x0000000085a00000, 0x0000000085a00000, 0x0000000085b00000|  0%| F|  |TAMS 0x0000000085a00000, 0x0000000085a00000| Untracked 
|  65|0x0000000085b00000, 0x0000000085b00000, 0x0000000085c00000|  0%| F|  |TAMS 0x0000000085b00000, 0x0000000085b00000| Untracked 
|  66|0x0000000085c00000, 0x0000000085c00000, 0x0000000085d00000|  0%| F|  |TAMS 0x0000000085c00000, 0x0000000085c00000| Untracked 
|  67|0x0000000085d00000, 0x0000000085d00000, 0x0000000085e00000|  0%| F|  |TAMS 0x0000000085d00000, 0x0000000085d00000| Untracked 
|  68|0x0000000085e00000, 0x0000000085e00000, 0x0000000085f00000|  0%| F|  |TAMS 0x0000000085e00000, 0x0000000085e00000| Untracked 
|  69|0x0000000085f00000, 0x0000000085f00000, 0x0000000086000000|  0%| F|  |TAMS 0x0000000085f00000, 0x0000000085f00000| Untracked 
|  70|0x0000000086000000, 0x0000000086000000, 0x0000000086100000|  0%| F|  |TAMS 0x0000000086000000, 0x0000000086000000| Untracked 
|  71|0x0000000086100000, 0x0000000086100000, 0x0000000086200000|  0%| F|  |TAMS 0x0000000086100000, 0x0000000086100000| Untracked 
|  72|0x0000000086200000, 0x0000000086200000, 0x0000000086300000|  0%| F|  |TAMS 0x0000000086200000, 0x0000000086200000| Untracked 
|  73|0x0000000086300000, 0x0000000086300000, 0x0000000086400000|  0%| F|  |TAMS 0x0000000086300000, 0x0000000086300000| Untracked 
|  74|0x0000000086400000, 0x0000000086400000, 0x0000000086500000|  0%| F|  |TAMS 0x0000000086400000, 0x0000000086400000| Untracked 
|  75|0x0000000086500000, 0x0000000086500000, 0x0000000086600000|  0%| F|  |TAMS 0x0000000086500000, 0x0000000086500000| Untracked 
|  76|0x0000000086600000, 0x0000000086600000, 0x0000000086700000|  0%| F|  |TAMS 0x0000000086600000, 0x0000000086600000| Untracked 
|  77|0x0000000086700000, 0x0000000086700000, 0x0000000086800000|  0%| F|  |TAMS 0x0000000086700000, 0x0000000086700000| Untracked 
|  78|0x0000000086800000, 0x0000000086800000, 0x0000000086900000|  0%| F|  |TAMS 0x0000000086800000, 0x0000000086800000| Untracked 
|  79|0x0000000086900000, 0x0000000086900000, 0x0000000086a00000|  0%| F|  |TAMS 0x0000000086900000, 0x0000000086900000| Untracked 
|  80|0x0000000086a00000, 0x0000000086a00000, 0x0000000086b00000|  0%| F|  |TAMS 0x0000000086a00000, 0x0000000086a00000| Untracked 
|  81|0x0000000086b00000, 0x0000000086b00000, 0x0000000086c00000|  0%| F|  |TAMS 0x0000000086b00000, 0x0000000086b00000| Untracked 
|  82|0x0000000086c00000, 0x0000000086c00000, 0x0000000086d00000|  0%| F|  |TAMS 0x0000000086c00000, 0x0000000086c00000| Untracked 
|  83|0x0000000086d00000, 0x0000000086d00000, 0x0000000086e00000|  0%| F|  |TAMS 0x0000000086d00000, 0x0000000086d00000| Untracked 
|  84|0x0000000086e00000, 0x0000000086e00000, 0x0000000086f00000|  0%| F|  |TAMS 0x0000000086e00000, 0x0000000086e00000| Untracked 
|  85|0x0000000086f00000, 0x0000000086f00000, 0x0000000087000000|  0%| F|  |TAMS 0x0000000086f00000, 0x0000000086f00000| Untracked 
|  86|0x0000000087000000, 0x0000000087000000, 0x0000000087100000|  0%| F|  |TAMS 0x0000000087000000, 0x0000000087000000| Untracked 
|  87|0x0000000087100000, 0x0000000087100000, 0x0000000087200000|  0%| F|  |TAMS 0x0000000087100000, 0x0000000087100000| Untracked 
|  88|0x0000000087200000, 0x0000000087200000, 0x0000000087300000|  0%| F|  |TAMS 0x0000000087200000, 0x0000000087200000| Untracked 
|  89|0x0000000087300000, 0x0000000087300000, 0x0000000087400000|  0%| F|  |TAMS 0x0000000087300000, 0x0000000087300000| Untracked 
|  90|0x0000000087400000, 0x0000000087400000, 0x0000000087500000|  0%| F|  |TAMS 0x0000000087400000, 0x0000000087400000| Untracked 
|  91|0x0000000087500000, 0x0000000087500000, 0x0000000087600000|  0%| F|  |TAMS 0x0000000087500000, 0x0000000087500000| Untracked 
|  92|0x0000000087600000, 0x0000000087600000, 0x0000000087700000|  0%| F|  |TAMS 0x0000000087600000, 0x0000000087600000| Untracked 
|  93|0x0000000087700000, 0x0000000087700000, 0x0000000087800000|  0%| F|  |TAMS 0x0000000087700000, 0x0000000087700000| Untracked 
|  94|0x0000000087800000, 0x0000000087800000, 0x0000000087900000|  0%| F|  |TAMS 0x0000000087800000, 0x0000000087800000| Untracked 
|  95|0x0000000087900000, 0x0000000087900000, 0x0000000087a00000|  0%| F|  |TAMS 0x0000000087900000, 0x0000000087900000| Untracked 
|  96|0x0000000087a00000, 0x0000000087a00000, 0x0000000087b00000|  0%| F|  |TAMS 0x0000000087a00000, 0x0000000087a00000| Untracked 
|  97|0x0000000087b00000, 0x0000000087b00000, 0x0000000087c00000|  0%| F|  |TAMS 0x0000000087b00000, 0x0000000087b00000| Untracked 
|  98|0x0000000087c00000, 0x0000000087c00000, 0x0000000087d00000|  0%| F|  |TAMS 0x0000000087c00000, 0x0000000087c00000| Untracked 
|  99|0x0000000087d00000, 0x0000000087d00000, 0x0000000087e00000|  0%| F|  |TAMS 0x0000000087d00000, 0x0000000087d00000| Untracked 
| 100|0x0000000087e00000, 0x0000000087e00000, 0x0000000087f00000|  0%| F|  |TAMS 0x0000000087e00000, 0x0000000087e00000| Untracked 
| 101|0x0000000087f00000, 0x0000000087f00000, 0x0000000088000000|  0%| F|  |TAMS 0x0000000087f00000, 0x0000000087f00000| Untracked 
| 102|0x0000000088000000, 0x0000000088100000, 0x0000000088100000|100%| S|CS|TAMS 0x0000000088000000, 0x0000000088000000| Complete 
| 103|0x0000000088100000, 0x0000000088200000, 0x0000000088200000|100%| S|CS|TAMS 0x0000000088100000, 0x0000000088100000| Complete 
| 104|0x0000000088200000, 0x0000000088300000, 0x0000000088300000|100%| S|CS|TAMS 0x0000000088200000, 0x0000000088200000| Complete 
| 105|0x0000000088300000, 0x0000000088300000, 0x0000000088400000|  0%| F|  |TAMS 0x0000000088300000, 0x0000000088300000| Untracked 
| 106|0x0000000088400000, 0x0000000088400000, 0x0000000088500000|  0%| F|  |TAMS 0x0000000088400000, 0x0000000088400000| Untracked 
| 107|0x0000000088500000, 0x0000000088500000, 0x0000000088600000|  0%| F|  |TAMS 0x0000000088500000, 0x0000000088500000| Untracked 
| 108|0x0000000088600000, 0x000000008868b220, 0x0000000088700000| 54%| E|  |TAMS 0x0000000088600000, 0x0000000088600000| Complete 
| 109|0x0000000088700000, 0x0000000088800000, 0x0000000088800000|100%| E|CS|TAMS 0x0000000088700000, 0x0000000088700000| Complete 
| 110|0x0000000088800000, 0x0000000088900000, 0x0000000088900000|100%| E|CS|TAMS 0x0000000088800000, 0x0000000088800000| Complete 
| 111|0x0000000088900000, 0x0000000088a00000, 0x0000000088a00000|100%| E|CS|TAMS 0x0000000088900000, 0x0000000088900000| Complete 
| 112|0x0000000088a00000, 0x0000000088b00000, 0x0000000088b00000|100%| E|CS|TAMS 0x0000000088a00000, 0x0000000088a00000| Complete 
| 113|0x0000000088b00000, 0x0000000088c00000, 0x0000000088c00000|100%| E|CS|TAMS 0x0000000088b00000, 0x0000000088b00000| Complete 
| 114|0x0000000088c00000, 0x0000000088d00000, 0x0000000088d00000|100%| E|CS|TAMS 0x0000000088c00000, 0x0000000088c00000| Complete 
| 115|0x0000000088d00000, 0x0000000088e00000, 0x0000000088e00000|100%| E|CS|TAMS 0x0000000088d00000, 0x0000000088d00000| Complete 
| 116|0x0000000088e00000, 0x0000000088f00000, 0x0000000088f00000|100%| E|CS|TAMS 0x0000000088e00000, 0x0000000088e00000| Complete 
| 117|0x0000000088f00000, 0x0000000089000000, 0x0000000089000000|100%| E|CS|TAMS 0x0000000088f00000, 0x0000000088f00000| Complete 
| 118|0x0000000089000000, 0x0000000089100000, 0x0000000089100000|100%| E|CS|TAMS 0x0000000089000000, 0x0000000089000000| Complete 
| 119|0x0000000089100000, 0x0000000089200000, 0x0000000089200000|100%| E|CS|TAMS 0x0000000089100000, 0x0000000089100000| Complete 
| 120|0x0000000089200000, 0x0000000089300000, 0x0000000089300000|100%| E|CS|TAMS 0x0000000089200000, 0x0000000089200000| Complete 
| 121|0x0000000089300000, 0x0000000089400000, 0x0000000089400000|100%| E|CS|TAMS 0x0000000089300000, 0x0000000089300000| Complete 
| 122|0x0000000089400000, 0x0000000089500000, 0x0000000089500000|100%| E|CS|TAMS 0x0000000089400000, 0x0000000089400000| Complete 
| 123|0x0000000089500000, 0x0000000089600000, 0x0000000089600000|100%| E|CS|TAMS 0x0000000089500000, 0x0000000089500000| Complete 
| 124|0x0000000089600000, 0x0000000089700000, 0x0000000089700000|100%| E|CS|TAMS 0x0000000089600000, 0x0000000089600000| Complete 
| 125|0x0000000089700000, 0x0000000089800000, 0x0000000089800000|100%| E|CS|TAMS 0x0000000089700000, 0x0000000089700000| Complete 
| 126|0x0000000089800000, 0x0000000089900000, 0x0000000089900000|100%| E|CS|TAMS 0x0000000089800000, 0x0000000089800000| Complete 
| 127|0x0000000089900000, 0x0000000089a00000, 0x0000000089a00000|100%| E|CS|TAMS 0x0000000089900000, 0x0000000089900000| Complete 

Card table byte_map: [0x0000026875f30000,0x0000026876330000] _byte_map_base: 0x0000026875b23000

Marking Bits (Prev, Next): (CMBitMap*) 0x000002686dfd6640, (CMBitMap*) 0x000002686dfd6680
 Prev Bits: [0x0000026876730000, 0x00000268786c8000)
 Next Bits: [0x00000268786d0000, 0x000002687a668000)

Polling page: 0x000002686bf10000

Metaspace:

Usage:
  Non-class:     10.47 MB used.
      Class:      1.40 MB used.
       Both:     11.87 MB used.

Virtual space:
  Non-class space:       64.00 MB reserved,      10.62 MB ( 17%) committed,  1 nodes.
      Class space:        1.00 GB reserved,       1.56 MB ( <1%) committed,  1 nodes.
             Both:        1.06 GB reserved,      12.19 MB (  1%) committed. 

Chunk freelists:
   Non-Class:  4.70 MB
       Class:  14.47 MB
        Both:  19.17 MB

MaxMetaspaceSize: unlimited
CompressedClassSpaceSize: 1.00 GB
Initial GC threshold: 21.00 MB
Current GC threshold: 21.00 MB
CDS: on
MetaspaceReclaimPolicy: balanced
 - commit_granule_bytes: 65536.
 - commit_granule_words: 8192.
 - virtual_space_node_default_size: 8388608.
 - enlarge_chunks_in_place: 1.
 - new_chunks_are_fully_committed: 0.
 - uncommit_free_chunks: 1.
 - use_allocation_guard: 0.
 - handle_deallocations: 1.


Internal statistics:

num_allocs_failed_limit: 0.
num_arena_births: 228.
num_arena_deaths: 0.
num_vsnodes_births: 2.
num_vsnodes_deaths: 0.
num_space_committed: 195.
num_space_uncommitted: 0.
num_chunks_returned_to_freelist: 0.
num_chunks_taken_from_freelist: 504.
num_chunk_merges: 0.
num_chunk_splits: 341.
num_chunks_enlarged: 241.
num_inconsistent_stats: 0.

CodeHeap 'non-profiled nmethods': size=120000Kb used=602Kb max_used=602Kb free=119397Kb
 bounds [0x0000026807ad0000, 0x0000026807d40000, 0x000002680f000000]
CodeHeap 'profiled nmethods': size=120000Kb used=3443Kb max_used=3443Kb free=116556Kb
 bounds [0x0000026800000000, 0x0000026800360000, 0x0000026807530000]
CodeHeap 'non-nmethods': size=5760Kb used=1248Kb max_used=1270Kb free=4511Kb
 bounds [0x0000026807530000, 0x00000268077a0000, 0x0000026807ad0000]
 total_blobs=2260 nmethods=1790 adapters=382
 compilation: enabled
              stopped_count=0, restarted_count=0
 full_count=0

Compilation events (20 events):
Event: 2.703 Thread 0x000002687d0a7790 1786       3       java.util.regex.Pattern::peek (26 bytes)
Event: 2.704 Thread 0x000002687d0a7790 nmethod 1786 0x0000026800350590 code [0x0000026800350740, 0x00000268003509c8]
Event: 2.704 Thread 0x000002687d0a7790 1787       3       java.util.regex.Pattern::isSupplementary (21 bytes)
Event: 2.704 Thread 0x000002687d0a7790 nmethod 1787 0x0000026800350b10 code [0x0000026800350cc0, 0x0000026800350f38]
Event: 2.704 Thread 0x000002687d0a7790 1788       3       java.lang.Character::isSurrogate (18 bytes)
Event: 2.704 Thread 0x000002687d0a7790 nmethod 1788 0x0000026800351010 code [0x00000268003511a0, 0x0000026800351338]
Event: 2.704 Thread 0x000002687d0a7790 1789       3       java.lang.invoke.TypeConvertingMethodAdapter::<init> (8 bytes)
Event: 2.705 Thread 0x000002687d0a7790 nmethod 1789 0x0000026800351410 code [0x00000268003515a0, 0x00000268003516e8]
Event: 2.705 Thread 0x000002687d0a7790 1790       3       java.util.regex.Pattern::next (33 bytes)
Event: 2.706 Thread 0x000002687d0a7790 nmethod 1790 0x0000026800351790 code [0x0000026800351940, 0x0000026800351bc8]
Event: 2.706 Thread 0x000002687d0a7790 1791       3       java.util.regex.Pattern$Node::<init> (12 bytes)
Event: 2.706 Thread 0x000002687d0a7790 nmethod 1791 0x0000026800351d10 code [0x0000026800351ec0, 0x0000026800352098]
Event: 2.706 Thread 0x000002687d0a7790 1792       3       java.lang.Character::isHighSurrogate (18 bytes)
Event: 2.706 Thread 0x000002687d0a7790 nmethod 1792 0x0000026800352190 code [0x0000026800352320, 0x00000268003524b8]
Event: 2.725 Thread 0x000002687d0a7790 1793   !   3       java.lang.invoke.InnerClassLambdaMetafactory::generateInnerClass (618 bytes)
Event: 2.730 Thread 0x000002687d0a7790 nmethod 1793 0x0000026800352590 code [0x0000026800352aa0, 0x00000268003554e8]
Event: 2.730 Thread 0x000002687d0a7790 1794       3       java.lang.invoke.InnerClassLambdaMetafactory::generateConstructor (154 bytes)
Event: 2.731 Thread 0x000002687d0a7790 nmethod 1794 0x0000026800356710 code [0x00000268003569e0, 0x00000268003579e8]
Event: 2.731 Thread 0x000002687d0a7790 1795       3       java.lang.invoke.InnerClassLambdaMetafactory$ForwardingMethodGenerator::<init> (11 bytes)
Event: 2.731 Thread 0x000002687d0a7790 nmethod 1795 0x0000026800357f90 code [0x0000026800358140, 0x0000026800358368]

GC Heap History (2 events):
Event: 2.008 GC heap before
{Heap before GC invocations=0 (full 0):
 garbage-first heap   total 131072K, used 25600K [0x0000000081a00000, 0x0000000100000000)
  region size 1024K, 23 young (23552K), 0 survivors (0K)
 Metaspace       used 7757K, committed 7936K, reserved 1114112K
  class space    used 888K, committed 960K, reserved 1048576K
}
Event: 2.017 GC heap after
{Heap after GC invocations=1 (full 0):
 garbage-first heap   total 131072K, used 8516K [0x0000000081a00000, 0x0000000100000000)
  region size 1024K, 3 young (3072K), 3 survivors (3072K)
 Metaspace       used 7757K, committed 7936K, reserved 1114112K
  class space    used 888K, committed 960K, reserved 1048576K
}

Deoptimization events (20 events):
Event: 2.557 Thread 0x000002686df70120 DEOPT PACKING pc=0x00000268001dfaec sp=0x0000006c9fefcaa0
Event: 2.557 Thread 0x000002686df70120 DEOPT UNPACKING pc=0x0000026807582b43 sp=0x0000006c9fefbf38 mode 1
Event: 2.558 Thread 0x000002686df70120 DEOPT PACKING pc=0x00000268001db55c sp=0x0000006c9fefcb70
Event: 2.558 Thread 0x000002686df70120 DEOPT UNPACKING pc=0x0000026807582b43 sp=0x0000006c9fefc028 mode 1
Event: 2.561 Thread 0x000002686df70120 Uncommon trap: trap_request=0xffffffde fr.pc=0x0000026807ae1628 relative=0x00000000000001a8
Event: 2.561 Thread 0x000002686df70120 Uncommon trap: reason=class_check action=maybe_recompile pc=0x0000026807ae1628 method=java.lang.String.equals(Ljava/lang/Object;)Z @ 8 c2
Event: 2.561 Thread 0x000002686df70120 DEOPT PACKING pc=0x0000026807ae1628 sp=0x0000006c9fefcb80
Event: 2.561 Thread 0x000002686df70120 DEOPT UNPACKING pc=0x00000268075823a3 sp=0x0000006c9fefcb28 mode 2
Event: 2.735 Thread 0x000002686df70120 DEOPT PACKING pc=0x00000268001dfaec sp=0x0000006c9fefce10
Event: 2.735 Thread 0x000002686df70120 DEOPT UNPACKING pc=0x0000026807582b43 sp=0x0000006c9fefc2a8 mode 1
Event: 2.735 Thread 0x000002686df70120 DEOPT PACKING pc=0x00000268001db55c sp=0x0000006c9fefcee0
Event: 2.735 Thread 0x000002686df70120 DEOPT UNPACKING pc=0x0000026807582b43 sp=0x0000006c9fefc398 mode 1
Event: 2.735 Thread 0x000002686df70120 DEOPT PACKING pc=0x000002680019c734 sp=0x0000006c9fefd870
Event: 2.735 Thread 0x000002686df70120 DEOPT UNPACKING pc=0x0000026807582b43 sp=0x0000006c9fefcd60 mode 1
Event: 2.735 Thread 0x000002686df70120 DEOPT PACKING pc=0x00000268001dfaec sp=0x0000006c9fefce10
Event: 2.735 Thread 0x000002686df70120 DEOPT UNPACKING pc=0x0000026807582b43 sp=0x0000006c9fefc2a8 mode 1
Event: 2.735 Thread 0x000002686df70120 DEOPT PACKING pc=0x00000268001db55c sp=0x0000006c9fefcee0
Event: 2.735 Thread 0x000002686df70120 DEOPT UNPACKING pc=0x0000026807582b43 sp=0x0000006c9fefc398 mode 1
Event: 2.735 Thread 0x000002686df70120 DEOPT PACKING pc=0x000002680019c734 sp=0x0000006c9fefd870
Event: 2.735 Thread 0x000002686df70120 DEOPT UNPACKING pc=0x0000026807582b43 sp=0x0000006c9fefcd60 mode 1

Classes unloaded (0 events):
No events

Classes redefined (0 events):
No events

Internal exceptions (20 events):
Event: 2.039 Thread 0x000002686df70120 Exception <a 'java/lang/NoSuchMethodError'{0x00000000899c99c0}: 'java.lang.Object java.lang.invoke.DirectMethodHandle$Holder.newInvokeSpecial(java.lang.Object, java.lang.Object, java.lang.Object, java.lang.Object, java.lang.Object)'> (0x00000000899c99c0) 
thrown [s\open\src\hotspot\share\interpreter\linkResolver.cpp, line 759]
Event: 2.050 Thread 0x000002686df70120 Exception <a 'java/lang/NoSuchMethodError'{0x0000000089819a80}: 'java.lang.Object java.lang.invoke.DirectMethodHandle$Holder.invokeStaticInit(java.lang.Object, java.lang.Object, java.lang.Object)'> (0x0000000089819a80) 
thrown [s\open\src\hotspot\share\interpreter\linkResolver.cpp, line 759]
Event: 2.066 Thread 0x000002686df70120 Exception <a 'java/lang/IncompatibleClassChangeError'{0x0000000089886b68}: Found class java.lang.Object, but interface was expected> (0x0000000089886b68) 
thrown [s\open\src\hotspot\share\interpreter\linkResolver.cpp, line 826]
Event: 2.084 Thread 0x000002686df70120 Exception <a 'sun/nio/fs/WindowsException'{0x00000000898f81d8}> (0x00000000898f81d8) 
thrown [s\open\src\hotspot\share\prims\jni.cpp, line 516]
Event: 2.261 Thread 0x000002686df70120 Exception <a 'java/lang/NoSuchMethodError'{0x000000008947e458}: 'int java.lang.invoke.DirectMethodHandle$Holder.invokeStatic(java.lang.Object, java.lang.Object, java.lang.Object, java.lang.Object)'> (0x000000008947e458) 
thrown [s\open\src\hotspot\share\interpreter\linkResolver.cpp, line 759]
Event: 2.261 Thread 0x000002686df70120 Exception <a 'java/lang/NoSuchMethodError'{0x0000000089482028}: 'java.lang.Object java.lang.invoke.Invokers$Holder.invokeExact_MT(java.lang.Object, java.lang.Object, java.lang.Object, java.lang.Object, java.lang.Object, java.lang.Object)'> (0x0000000089482028) 
thrown [s\open\src\hotspot\share\interpreter\linkResolver.cpp, line 759]
Event: 2.361 Thread 0x000002686df70120 Exception <a 'java/lang/NoSuchMethodError'{0x000000008922ffd8}: 'java.lang.Object java.lang.invoke.DirectMethodHandle$Holder.newInvokeSpecial(java.lang.Object, java.lang.Object, java.lang.Object, java.lang.Object, java.lang.Object, java.lang.Object, java.lang.Object)'> (0x000000008922ffd8) 
thrown [s\open\src\hotspot\share\interpreter\linkResolver.cpp, line 759]
Event: 2.362 Thread 0x000002686df70120 Exception <a 'java/lang/NoSuchMethodError'{0x00000000892348e8}: 'java.lang.Object java.lang.invoke.Invokers$Holder.linkToTargetMethod(java.lang.Object, java.lang.Object, java.lang.Object, java.lang.Object, java.lang.Object, java.lang.Object, java.lang.Object)'> (0x00000000892348e8) 
thrown [s\open\src\hotspot\share\interpreter\linkResolver.cpp, line 759]
Event: 2.368 Thread 0x000002686df70120 Exception <a 'java/lang/NoSuchMethodError'{0x00000000892501b0}: 'void java.lang.invoke.DirectMethodHandle$Holder.invokeStaticInit(java.lang.Object, java.lang.Object)'> (0x00000000892501b0) 
thrown [s\open\src\hotspot\share\interpreter\linkResolver.cpp, line 759]
Event: 2.399 Thread 0x000002686df70120 Exception <a 'java/lang/NoSuchMethodError'{0x00000000892eee10}: 'java.lang.Object java.lang.invoke.DirectMethodHandle$Holder.invokeSpecial(java.lang.Object, java.lang.Object, java.lang.Object, java.lang.Object, java.lang.Object, java.lang.Object, int)'> (0x00000000892eee10) 
thrown [s\open\src\hotspot\share\interpreter\linkResolver.cpp, line 759]
Event: 2.402 Thread 0x000002686df70120 Exception <a 'java/lang/NoSuchMethodError'{0x00000000892fc228}: 'java.lang.Object java.lang.invoke.DirectMethodHandle$Holder.newInvokeSpecial(java.lang.Object, java.lang.Object, java.lang.Object, java.lang.Object, java.lang.Object, java.lang.Object, int)'> (0x00000000892fc228) 
thrown [s\open\src\hotspot\share\interpreter\linkResolver.cpp, line 759]
Event: 2.403 Thread 0x000002686df70120 Exception <a 'java/lang/NoSuchMethodError'{0x0000000089101a08}: 'java.lang.Object java.lang.invoke.DirectMethodHandle$Holder.invokeSpecial(java.lang.Object, java.lang.Object, java.lang.Object, java.lang.Object, java.lang.Object, java.lang.Object, java.lang.Object, int)'> (0x0000000089101a08) 
thrown [s\open\src\hotspot\share\interpreter\linkResolver.cpp, line 759]
Event: 2.480 Thread 0x000002686df70120 Exception <a 'java/lang/NoSuchMethodError'{0x00000000890a2b30}: 'void java.lang.invoke.DirectMethodHandle$Holder.invokeSpecial(java.lang.Object, java.lang.Object, java.lang.Object, java.lang.Object, java.lang.Object)'> (0x00000000890a2b30) 
thrown [s\open\src\hotspot\share\interpreter\linkResolver.cpp, line 759]
Event: 2.566 Thread 0x000002686df70120 Exception <a 'java/lang/NoSuchMethodError'{0x0000000088e94eb0}: 'java.lang.Object java.lang.invoke.DirectMethodHandle$Holder.invokeSpecial(java.lang.Object, java.lang.Object, java.lang.Object, int, java.lang.Object)'> (0x0000000088e94eb0) 
thrown [s\open\src\hotspot\share\interpreter\linkResolver.cpp, line 759]
Event: 2.567 Thread 0x000002686df70120 Exception <a 'java/lang/NoSuchMethodError'{0x0000000088e9d510}: 'java.lang.Object java.lang.invoke.DirectMethodHandle$Holder.newInvokeSpecial(java.lang.Object, java.lang.Object, java.lang.Object, int, java.lang.Object)'> (0x0000000088e9d510) 
thrown [s\open\src\hotspot\share\interpreter\linkResolver.cpp, line 759]
Event: 2.569 Thread 0x000002686df70120 Exception <a 'java/lang/NoSuchMethodError'{0x0000000088ea4ee0}: 'java.lang.Object java.lang.invoke.Invokers$Holder.linkToTargetMethod(java.lang.Object, java.lang.Object, int, java.lang.Object, java.lang.Object)'> (0x0000000088ea4ee0) 
thrown [s\open\src\hotspot\share\interpreter\linkResolver.cpp, line 759]
Event: 2.571 Thread 0x000002686df70120 Exception <a 'java/lang/NoSuchMethodError'{0x0000000088eb0638}: 'java.lang.Object java.lang.invoke.DirectMethodHandle$Holder.newInvokeSpecial(java.lang.Object, int, java.lang.Object)'> (0x0000000088eb0638) 
thrown [s\open\src\hotspot\share\interpreter\linkResolver.cpp, line 759]
Event: 2.571 Thread 0x000002686df70120 Exception <a 'java/lang/NoSuchMethodError'{0x0000000088eb4608}: 'int java.lang.invoke.DirectMethodHandle$Holder.invokeSpecialIFC(java.lang.Object, java.lang.Object, java.lang.Object, java.lang.Object)'> (0x0000000088eb4608) 
thrown [s\open\src\hotspot\share\interpreter\linkResolver.cpp, line 759]
Event: 2.589 Thread 0x000002686df70120 Exception <a 'java/lang/NoSuchMethodError'{0x0000000088d0c6a0}: 'java.lang.Object java.lang.invoke.DirectMethodHandle$Holder.invokeStatic(java.lang.Object, java.lang.Object, int)'> (0x0000000088d0c6a0) 
thrown [s\open\src\hotspot\share\interpreter\linkResolver.cpp, line 759]
Event: 2.592 Thread 0x000002686df70120 Exception <a 'java/lang/NoSuchMethodError'{0x0000000088d180b8}: 'void java.lang.invoke.DelegatingMethodHandle$Holder.delegate(java.lang.Object, java.lang.Object, int, java.lang.Object)'> (0x0000000088d180b8) 
thrown [s\open\src\hotspot\share\interpreter\linkResolver.cpp, line 759]

VM Operations (20 events):
Event: 0.867 Executing VM operation: HandshakeAllThreads
Event: 0.867 Executing VM operation: HandshakeAllThreads done
Event: 1.044 Executing VM operation: HandshakeAllThreads
Event: 1.044 Executing VM operation: HandshakeAllThreads done
Event: 1.091 Executing VM operation: HandshakeAllThreads
Event: 1.091 Executing VM operation: HandshakeAllThreads done
Event: 1.484 Executing VM operation: HandshakeAllThreads
Event: 1.484 Executing VM operation: HandshakeAllThreads done
Event: 1.484 Executing VM operation: Cleanup
Event: 1.484 Executing VM operation: Cleanup done
Event: 1.494 Executing VM operation: HandshakeAllThreads
Event: 1.494 Executing VM operation: HandshakeAllThreads done
Event: 2.008 Executing VM operation: G1CollectForAllocation
Event: 2.017 Executing VM operation: G1CollectForAllocation done
Event: 2.086 Executing VM operation: HandshakeAllThreads
Event: 2.086 Executing VM operation: HandshakeAllThreads done
Event: 2.492 Executing VM operation: HandshakeAllThreads
Event: 2.492 Executing VM operation: HandshakeAllThreads done
Event: 2.644 Executing VM operation: ICBufferFull
Event: 2.644 Executing VM operation: ICBufferFull done

Events (20 events):
Event: 2.602 loading class java/beans/Introspector$1
Event: 2.602 loading class jdk/internal/access/JavaBeansAccess
Event: 2.602 loading class jdk/internal/access/JavaBeansAccess done
Event: 2.602 loading class java/beans/Introspector$1 done
Event: 2.637 loading class java/io/UnsupportedEncodingException
Event: 2.637 loading class java/io/UnsupportedEncodingException done
Event: 2.647 loading class java/util/AbstractList$ListItr
Event: 2.648 loading class java/util/AbstractList$ListItr done
Event: 2.697 loading class java/util/stream/ReferencePipeline$4
Event: 2.697 loading class java/util/stream/ReferencePipeline$4 done
Event: 2.697 loading class java/util/function/IntBinaryOperator
Event: 2.697 loading class java/util/function/IntBinaryOperator done
Event: 2.698 loading class java/util/stream/ReduceOps$6
Event: 2.698 loading class java/util/stream/ReduceOps$6 done
Event: 2.698 loading class java/util/stream/ReduceOps$5ReducingSink
Event: 2.698 loading class java/util/stream/ReduceOps$5ReducingSink done
Event: 2.698 loading class java/util/stream/ReferencePipeline$4$1
Event: 2.698 loading class java/util/stream/ReferencePipeline$4$1 done
Event: 2.705 loading class java/util/regex/Pattern$SliceI
Event: 2.705 loading class java/util/regex/Pattern$SliceI done


Dynamic libraries:
0x00007ff6e9ed0000 - 0x00007ff6e9ee0000 	C:\Program Files\Java\jdk-17\bin\java.exe
0x00007ff8511d0000 - 0x00007ff8513e7000 	C:\WINDOWS\SYSTEM32\ntdll.dll
0x00007ff844590000 - 0x00007ff8445aa000 	C:\Program Files\Avast Software\Avast\aswhook.dll
0x00007ff850a30000 - 0x00007ff850af4000 	C:\WINDOWS\System32\KERNEL32.DLL
0x00007ff84e500000 - 0x00007ff84e8ad000 	C:\WINDOWS\System32\KERNELBASE.dll
0x00007ff84eb90000 - 0x00007ff84eca1000 	C:\WINDOWS\System32\ucrtbase.dll
0x00007ff82c0b0000 - 0x00007ff82c0c9000 	C:\Program Files\Java\jdk-17\bin\jli.dll
0x00007ff82c090000 - 0x00007ff82c0ab000 	C:\Program Files\Java\jdk-17\bin\VCRUNTIME140.dll
0x00007ff84f780000 - 0x00007ff84f832000 	C:\WINDOWS\System32\ADVAPI32.dll
0x00007ff850d80000 - 0x00007ff850e27000 	C:\WINDOWS\System32\msvcrt.dll
0x00007ff850270000 - 0x00007ff850319000 	C:\WINDOWS\System32\sechost.dll
0x00007ff84eb60000 - 0x00007ff84eb88000 	C:\WINDOWS\System32\bcrypt.dll
0x00007ff850b00000 - 0x00007ff850c14000 	C:\WINDOWS\System32\RPCRT4.dll
0x00007ff8500c0000 - 0x00007ff85026e000 	C:\WINDOWS\System32\USER32.dll
0x00007ff835a30000 - 0x00007ff835cc3000 	C:\WINDOWS\WinSxS\amd64_microsoft.windows.common-controls_6595b64144ccf1df_6.0.22621.3672_none_2713b9d173822955\COMCTL32.dll
0x00007ff84eb30000 - 0x00007ff84eb56000 	C:\WINDOWS\System32\win32u.dll
0x00007ff850390000 - 0x00007ff8503b9000 	C:\WINDOWS\System32\GDI32.dll
0x00007ff84ecb0000 - 0x00007ff84edc9000 	C:\WINDOWS\System32\gdi32full.dll
0x00007ff84ea20000 - 0x00007ff84eaba000 	C:\WINDOWS\System32\msvcp_win.dll
0x00007ff842c70000 - 0x00007ff842c7a000 	C:\WINDOWS\SYSTEM32\VERSION.dll
0x00007ff8506a0000 - 0x00007ff8506d1000 	C:\WINDOWS\System32\IMM32.DLL
0x00007ff836640000 - 0x00007ff83664c000 	C:\Program Files\Java\jdk-17\bin\vcruntime140_1.dll
0x00007ff80ef70000 - 0x00007ff80effe000 	C:\Program Files\Java\jdk-17\bin\msvcp140.dll
0x00007fffd5f00000 - 0x00007fffd6adf000 	C:\Program Files\Java\jdk-17\bin\server\jvm.dll
0x00007ff8510a0000 - 0x00007ff8510a8000 	C:\WINDOWS\System32\PSAPI.DLL
0x00007ff844330000 - 0x00007ff844364000 	C:\WINDOWS\SYSTEM32\WINMM.dll
0x00007ff830230000 - 0x00007ff830239000 	C:\WINDOWS\SYSTEM32\WSOCK32.dll
0x00007ff8508b0000 - 0x00007ff850921000 	C:\WINDOWS\System32\WS2_32.dll
0x00007ff84d5e0000 - 0x00007ff84d5f8000 	C:\WINDOWS\SYSTEM32\kernel.appcore.dll
0x00007ff8365b0000 - 0x00007ff8365ba000 	C:\Program Files\Java\jdk-17\bin\jimage.dll
0x00007ff84bdb0000 - 0x00007ff84bfe2000 	C:\WINDOWS\SYSTEM32\DBGHELP.DLL
0x00007ff84ef10000 - 0x00007ff84f298000 	C:\WINDOWS\System32\combase.dll
0x00007ff8510b0000 - 0x00007ff851187000 	C:\WINDOWS\System32\OLEAUT32.dll
0x00007ff83a1a0000 - 0x00007ff83a1d2000 	C:\WINDOWS\SYSTEM32\dbgcore.DLL
0x00007ff84edd0000 - 0x00007ff84ee4b000 	C:\WINDOWS\System32\bcryptPrimitives.dll
0x00007ff8296d0000 - 0x00007ff82970b000 	C:\Program Files\Java\jdk-17\bin\jdwp.dll
0x00007ff8243e0000 - 0x00007ff824405000 	C:\Program Files\Java\jdk-17\bin\java.dll
0x00007ff802170000 - 0x00007ff802247000 	C:\Program Files\Java\jdk-17\bin\jsvml.dll
0x00007ff84f860000 - 0x00007ff8500bf000 	C:\WINDOWS\System32\SHELL32.dll
0x00007ff84c400000 - 0x00007ff84ccfc000 	C:\WINDOWS\SYSTEM32\windows.storage.dll
0x00007ff84c2c0000 - 0x00007ff84c3ff000 	C:\WINDOWS\SYSTEM32\wintypes.dll
0x00007ff850930000 - 0x00007ff850a24000 	C:\WINDOWS\System32\SHCORE.dll
0x00007ff850d20000 - 0x00007ff850d7e000 	C:\WINDOWS\System32\shlwapi.dll
0x00007ff84e430000 - 0x00007ff84e451000 	C:\WINDOWS\SYSTEM32\profapi.dll
0x00007ff82c7b0000 - 0x00007ff82c7bc000 	C:\Program Files\Java\jdk-17\bin\dt_socket.dll
0x00007ff84cfe0000 - 0x00007ff84d00d000 	C:\WINDOWS\SYSTEM32\IPHLPAPI.DLL
0x00007ff84da50000 - 0x00007ff84dab9000 	C:\WINDOWS\system32\mswsock.dll
0x00007ff84d050000 - 0x00007ff84d148000 	C:\WINDOWS\SYSTEM32\DNSAPI.dll
0x00007ff8506e0000 - 0x00007ff8506e9000 	C:\WINDOWS\System32\NSI.dll
0x00007ff840970000 - 0x00007ff84097a000 	C:\Windows\System32\rasadhlp.dll
0x00007ff8409b0000 - 0x00007ff840a33000 	C:\WINDOWS\System32\fwpuclnt.dll
0x00007ff82c010000 - 0x00007ff82c029000 	C:\Program Files\Java\jdk-17\bin\net.dll
0x00007ff8431b0000 - 0x00007ff8432e6000 	C:\WINDOWS\SYSTEM32\WINHTTP.dll
0x00007ff829730000 - 0x00007ff829746000 	C:\Program Files\Java\jdk-17\bin\nio.dll
0x00007ff8295a0000 - 0x00007ff8295b8000 	C:\Program Files\Java\jdk-17\bin\zip.dll
0x00007ff82c040000 - 0x00007ff82c04a000 	C:\Program Files\Java\jdk-17\bin\management.dll
0x00007ff82bcb0000 - 0x00007ff82bcbb000 	C:\Program Files\Java\jdk-17\bin\management_ext.dll
0x00007ff81cab0000 - 0x00007ff81cac7000 	C:\WINDOWS\system32\napinsp.dll
0x00007ff81ca90000 - 0x00007ff81caab000 	C:\WINDOWS\system32\pnrpnsp.dll
0x00007ff81ca70000 - 0x00007ff81ca81000 	C:\WINDOWS\System32\winrnr.dll
0x00007ff840a70000 - 0x00007ff840a85000 	C:\WINDOWS\system32\wshbth.dll
0x00007ff81ca40000 - 0x00007ff81ca67000 	C:\WINDOWS\system32\nlansp_c.dll
0x00007ff84dc80000 - 0x00007ff84dc9b000 	C:\WINDOWS\SYSTEM32\CRYPTSP.dll
0x00007ff84d540000 - 0x00007ff84d575000 	C:\WINDOWS\system32\rsaenh.dll
0x00007ff84db10000 - 0x00007ff84db38000 	C:\WINDOWS\SYSTEM32\USERENV.dll
0x00007ff84dca0000 - 0x00007ff84dcac000 	C:\WINDOWS\SYSTEM32\CRYPTBASE.dll
0x00007ff8439a0000 - 0x00007ff8439b9000 	C:\WINDOWS\SYSTEM32\dhcpcsvc6.DLL
0x00007ff843640000 - 0x00007ff84365f000 	C:\WINDOWS\SYSTEM32\dhcpcsvc.DLL

dbghelp: loaded successfully - version: 4.0.5 - missing functions: none
symbol engine: initialized successfully - sym options: 0x614 - pdb path: .;C:\Program Files\Java\jdk-17\bin;C:\WINDOWS\SYSTEM32;C:\Program Files\Avast Software\Avast;C:\WINDOWS\WinSxS\amd64_microsoft.windows.common-controls_6595b64144ccf1df_6.0.22621.3672_none_2713b9d173822955;C:\Program Files\Java\jdk-17\bin\server

VM Arguments:
jvm_args: -agentlib:jdwp=transport=dt_socket,server=n,suspend=y,address=localhost:54377 -Dcom.sun.management.jmxremote -Dcom.sun.management.jmxremote.port=54277 -Dcom.sun.management.jmxremote.authenticate=false -Dcom.sun.management.jmxremote.ssl=false -Dspring.jmx.enabled=true -Djava.rmi.server.hostname=localhost -Dspring.application.admin.enabled=true -Dspring.boot.project.name=customer-service -XX:+ShowCodeDetailsInExceptionMessages 
java_command: com.manas.customerservice.CustomerServiceApplication
java_class_path (initial): C:\Users\hp\Documents\Java Snippets\Ecommerce\services\customer-service\target\classes;C:\Users\hp\.m2\repository\org\springframework\boot\spring-boot-starter-data-mongodb\3.3.3\spring-boot-starter-data-mongodb-3.3.3.jar;C:\Users\hp\.m2\repository\org\springframework\boot\spring-boot-starter\3.3.3\spring-boot-starter-3.3.3.jar;C:\Users\hp\.m2\repository\org\springframework\boot\spring-boot\3.3.3\spring-boot-3.3.3.jar;C:\Users\hp\.m2\repository\org\springframework\boot\spring-boot-autoconfigure\3.3.3\spring-boot-autoconfigure-3.3.3.jar;C:\Users\hp\.m2\repository\org\springframework\boot\spring-boot-starter-logging\3.3.3\spring-boot-starter-logging-3.3.3.jar;C:\Users\hp\.m2\repository\ch\qos\logback\logback-classic\1.5.7\logback-classic-1.5.7.jar;C:\Users\hp\.m2\repository\ch\qos\logback\logback-core\1.5.7\logback-core-1.5.7.jar;C:\Users\hp\.m2\repository\org\apache\logging\log4j\log4j-to-slf4j\2.23.1\log4j-to-slf4j-2.23.1.jar;C:\Users\hp\.m2\repository\org\apache\logging\log4j\log4j-api\2.23.1\log4j-api-2.23.1.jar;C:\Users\hp\.m2\repository\org\slf4j\jul-to-slf4j\2.0.16\jul-to-slf4j-2.0.16.jar;C:\Users\hp\.m2\repository\jakarta\annotation\jakarta.annotation-api\2.1.1\jakarta.annotation-api-2.1.1.jar;C:\Users\hp\.m2\repository\org\yaml\snakeyaml\2.2\snakeyaml-2.2.jar;C:\Users\hp\.m2\repository\org\mongodb\mongodb-driver-sync\5.0.1\mongodb-driver-sync-5.0.1.jar;C:\Users\hp\.m2\repository\org\mongodb\bson\5.0.1\bson-5.0.1.jar;C:\Users\hp\.m2\repository\org\mongodb\mongodb-driver-core\5.0.1\mongodb-driver-core-5.0.1.jar;C:\Users\hp\.m2\repository\org\mongodb\bson-record-codec\5.0.1\bson-record-codec-5.0.1.jar;C:\Users\hp\.m2\repository\org\springframework\data\spring-data-mongodb\4.3.3\spring-data-mongodb-4.3.3.jar;C:\Users\hp\.m2\repository\org\springframework\spring-tx\6.1.12\spring-tx-6.1.12.jar;C:\Users\hp\.m2\repository\org\springframework\spring-context\6.1.12\spring-context-6.1.12.jar;C:\Users\hp\.m2\repository\org\springframework\spri
Launcher Type: SUN_STANDARD

[Global flags]
     intx CICompilerCount                          = 4                                         {product} {ergonomic}
     uint ConcGCThreads                            = 2                                         {product} {ergonomic}
     uint G1ConcRefinementThreads                  = 8                                         {product} {ergonomic}
   size_t G1HeapRegionSize                         = 1048576                                   {product} {ergonomic}
    uintx GCDrainStackTargetSize                   = 64                                        {product} {ergonomic}
   size_t InitialHeapSize                          = 134217728                                 {product} {ergonomic}
     bool ManagementServer                         = true                                      {product} {command line}
   size_t MarkStackSize                            = 4194304                                   {product} {ergonomic}
   size_t MaxHeapSize                              = 2120220672                                {product} {ergonomic}
   size_t MaxNewSize                               = 1271922688                                {product} {ergonomic}
   size_t MinHeapDeltaBytes                        = 1048576                                   {product} {ergonomic}
   size_t MinHeapSize                              = 8388608                                   {product} {ergonomic}
    uintx NonNMethodCodeHeapSize                   = 5839372                                {pd product} {ergonomic}
    uintx NonProfiledCodeHeapSize                  = 122909434                              {pd product} {ergonomic}
    uintx ProfiledCodeHeapSize                     = 122909434                              {pd product} {ergonomic}
    uintx ReservedCodeCacheSize                    = 251658240                              {pd product} {ergonomic}
     bool SegmentedCodeCache                       = true                                      {product} {ergonomic}
     bool ShowCodeDetailsInExceptionMessages       = true                                   {manageable} {command line}
   size_t SoftMaxHeapSize                          = 2120220672                             {manageable} {ergonomic}
     bool UseCompressedClassPointers               = true                           {product lp64_product} {ergonomic}
     bool UseCompressedOops                        = true                           {product lp64_product} {ergonomic}
     bool UseG1GC                                  = true                                      {product} {ergonomic}
     bool UseLargePagesIndividualAllocation        = false                                  {pd product} {ergonomic}

Logging:
Log output configuration:
 #0: stdout all=warning uptime,level,tags
 #1: stderr all=off uptime,level,tags

Environment Variables:
JAVA_HOME=C:\Program Files\Java\jdk-17
PATH=C:\Program Files\Common Files\Oracle\Java\javapath;C:\Program Files (x86)\Common Files\Oracle\Java\javapath;C:\WINDOWS\system32;C:\WINDOWS;C:\WINDOWS\System32\Wbem;C:\WINDOWS\System32\WindowsPowerShell\v1.0\;C:\WINDOWS\System32\OpenSSH\;C:\Program Files\nodejs\;C:\Program Files\Java\jdk-18.0.2\bin;C:\Program Files\dotnet\;C:\Program Files\MySQL\MySQL Server 8.0\bin;C:\Program Files\Git\cmd;C:\Program Files\Docker\Docker\resources\bin;C:\Program Files\apache-maven-3.9.9\bin;C:\Users\hp\.console-ninja\.bin;C:\Program Files\Java\jdk-17\bin;C:\Users\hp\AppData\Local\Microsoft\WindowsApps;C:\Users\hp\AppData\Local\Programs\Microsoft VS Code\bin;C:\Users\hp\AppData\Roaming\npm;C:\Program Files\JetBrains\IntelliJ IDEA 2023.3.4\bin;;C:\mongosh\
USERNAME=hp
LANG=en_US.UTF-8
OS=Windows_NT
PROCESSOR_IDENTIFIER=Intel64 Family 6 Model 142 Stepping 10, GenuineIntel



---------------  S Y S T E M  ---------------

OS:
 Windows 11 , 64 bit Build 22621 (10.0.22621.3672)
OS uptime: 1 days 22:47 hours
Hyper-V role detected

CPU: total 8 (initial active 8) (4 cores per cpu, 2 threads per core) family 6 model 142 stepping 10 microcode 0xf0, cx8, cmov, fxsr, ht, mmx, 3dnowpref, sse, sse2, sse3, ssse3, sse4.1, sse4.2, popcnt, lzcnt, tsc, tscinvbit, avx, avx2, aes, erms, clmul, bmi1, bmi2, adx, fma, vzeroupper, clflush, clflushopt, hv

Memory: 4k page, system-wide physical 8083M (246M free)
TotalPageFile size 32659M (AvailPageFile size 4M)
current process WorkingSet (physical memory assigned to process): 104M, peak: 104M
current process commit charge ("private bytes"): 242M, peak: 242M

vm_info: Java HotSpot(TM) 64-Bit Server VM (17.0.10+11-LTS-240) for windows-amd64 JRE (17.0.10+11-LTS-240), built on Dec 19 2023 21:47:25 by "mach5one" with MS VC++ 17.1 (VS2022)

END.
